<?xml version="1.0" encoding="UTF-8"?>
<testsuite name="fr.efrei.server.web.rest.ItemResourceIT" tests="1" skipped="0" failures="0" errors="0" timestamp="2023-11-29T13:42:03" hostname="MLJSORE" time="2.653">
  <properties/>
  <testcase name="createItem()" classname="fr.efrei.server.web.rest.ItemResourceIT" time="2.653"/>
  <system-out><![CDATA[14:41:50.645 [Test worker] INFO org.springframework.test.context.support.AnnotationConfigContextLoaderUtils -- Could not detect default configuration classes for test class [fr.efrei.server.web.rest.ItemResourceIT]: ItemResourceIT does not declare any static, non-private, non-final, nested classes annotated with @Configuration.
14:41:51.002 [Test worker] INFO org.springframework.boot.test.context.SpringBootTestContextBootstrapper -- Found @SpringBootConfiguration fr.efrei.server.ServerApplication for test class fr.efrei.server.web.rest.ItemResourceIT

  .   ____          _            __ _ _
 /\\ / ___'_ __ _ _(_)_ __  __ _ \ \ \ \
( ( )\___ | '_ | '_| | '_ \/ _` | \ \ \ \
 \\/  ___)| |_)| | | | | || (_| |  ) ) ) )
  '  |____| .__|_| |_|_| |_\__, | / / / /
 =========|_|==============|___/=/_/_/_/
 :: Spring Boot ::       (v3.2.0-SNAPSHOT)

2023-11-29T14:41:52.373+01:00  INFO 23172 --- [    Test worker] f.efrei.server.web.rest.ItemResourceIT   : Starting ItemResourceIT using Java 19.0.2 with PID 23172 (started by Malaja in C:\Users\mljso\Documents\Univ\Efrei\S9\Cloud Integration\server)
2023-11-29T14:41:52.385+01:00  INFO 23172 --- [    Test worker] f.efrei.server.web.rest.ItemResourceIT   : No active profile set, falling back to 1 default profile: "default"
2023-11-29T14:41:54.553+01:00  INFO 23172 --- [    Test worker] .s.d.r.c.RepositoryConfigurationDelegate : Bootstrapping Spring Data JPA repositories in DEFAULT mode.
2023-11-29T14:41:54.737+01:00  INFO 23172 --- [    Test worker] .s.d.r.c.RepositoryConfigurationDelegate : Finished Spring Data repository scanning in 159 ms. Found 1 JPA repository interface.
2023-11-29T14:41:56.630+01:00  INFO 23172 --- [    Test worker] com.zaxxer.hikari.HikariDataSource       : HikariPool-1 - Starting...
2023-11-29T14:41:57.393+01:00  INFO 23172 --- [    Test worker] com.zaxxer.hikari.pool.HikariPool        : HikariPool-1 - Added connection conn0: url=jdbc:h2:mem:testdb user=SA
2023-11-29T14:41:57.400+01:00  INFO 23172 --- [    Test worker] com.zaxxer.hikari.HikariDataSource       : HikariPool-1 - Start completed.
2023-11-29T14:41:57.659+01:00  INFO 23172 --- [    Test worker] o.hibernate.jpa.internal.util.LogHelper  : HHH000204: Processing PersistenceUnitInfo [name: default]
2023-11-29T14:41:57.840+01:00  INFO 23172 --- [    Test worker] org.hibernate.Version                    : HHH000412: Hibernate ORM core version 6.3.1.Final
2023-11-29T14:41:57.947+01:00  INFO 23172 --- [    Test worker] o.h.c.internal.RegionFactoryInitiator    : HHH000026: Second-level cache disabled
2023-11-29T14:41:58.621+01:00  INFO 23172 --- [    Test worker] o.s.o.j.p.SpringPersistenceUnitInfo      : No LoadTimeWeaver setup: ignoring JPA class transformer
2023-11-29T14:41:58.741+01:00  WARN 23172 --- [    Test worker] org.hibernate.orm.deprecation            : HHH90000025: H2Dialect does not need to be specified explicitly using 'hibernate.dialect' (remove the property setting and it will be selected by default)
2023-11-29T14:42:00.667+01:00  INFO 23172 --- [    Test worker] o.h.e.t.j.p.i.JtaPlatformInitiator       : HHH000489: No JTA platform available (set 'hibernate.transaction.jta.platform' to enable JTA platform integration)
2023-11-29T14:42:00.747+01:00  INFO 23172 --- [    Test worker] j.LocalContainerEntityManagerFactoryBean : Initialized JPA EntityManagerFactory for persistence unit 'default'
2023-11-29T14:42:02.307+01:00  WARN 23172 --- [    Test worker] JpaBaseConfiguration$JpaWebConfiguration : spring.jpa.open-in-view is enabled by default. Therefore, database queries may be performed during view rendering. Explicitly configure spring.jpa.open-in-view to disable this warning
2023-11-29T14:42:03.141+01:00  INFO 23172 --- [    Test worker] o.s.b.a.h2.H2ConsoleAutoConfiguration    : H2 console available at '/h2-console'. Database available at 'jdbc:h2:mem:testdb'
2023-11-29T14:42:03.181+01:00 DEBUG 23172 --- [    Test worker] o.s.jdbc.datasource.init.ScriptUtils     : Executing SQL script from file [C:\Users\mljso\Documents\Univ\Efrei\S9\Cloud Integration\server\build\resources\main\schema.sql]
2023-11-29T14:42:03.188+01:00 DEBUG 23172 --- [    Test worker] o.s.jdbc.datasource.init.ScriptUtils     : 0 returned as update count for SQL: CREATE TABLE IF NOT EXISTS item( id INT PRIMARY KEY, name VARCHAR(180), price DECIMAL(10, 2) )
2023-11-29T14:42:03.194+01:00 DEBUG 23172 --- [    Test worker] o.s.jdbc.datasource.init.ScriptUtils     : Executed SQL script from file [C:\Users\mljso\Documents\Univ\Efrei\S9\Cloud Integration\server\build\resources\main\schema.sql] in 7 ms.
2023-11-29T14:42:03.195+01:00 DEBUG 23172 --- [    Test worker] o.s.jdbc.datasource.init.ScriptUtils     : Executing SQL script from file [C:\Users\mljso\Documents\Univ\Efrei\S9\Cloud Integration\server\build\resources\main\data.sql]
2023-11-29T14:42:03.198+01:00 DEBUG 23172 --- [    Test worker] o.s.jdbc.datasource.init.ScriptUtils     : 0 returned as update count for SQL: DELETE FROM item
2023-11-29T14:42:03.208+01:00 DEBUG 23172 --- [    Test worker] o.s.jdbc.datasource.init.ScriptUtils     : 1 returned as update count for SQL: INSERT INTO item (id, name, price) values (1, 'Shoes', 60.00)
2023-11-29T14:42:03.209+01:00 DEBUG 23172 --- [    Test worker] o.s.jdbc.datasource.init.ScriptUtils     : 1 returned as update count for SQL: INSERT INTO item (id, name, price) values (2, 'T-Shirt', 20.00)
2023-11-29T14:42:03.209+01:00 DEBUG 23172 --- [    Test worker] o.s.jdbc.datasource.init.ScriptUtils     : 1 returned as update count for SQL: INSERT INTO item (id, name, price) values (3, 'Jeans', 40.00)
2023-11-29T14:42:03.211+01:00 DEBUG 23172 --- [    Test worker] o.s.jdbc.datasource.init.ScriptUtils     : 1 returned as update count for SQL: INSERT INTO item (id, name, price) values (4, 'Sweater', 35.00)
2023-11-29T14:42:03.211+01:00 DEBUG 23172 --- [    Test worker] o.s.jdbc.datasource.init.ScriptUtils     : 1 returned as update count for SQL: INSERT INTO item (id, name, price) values (5, 'Hat', 15.00)
2023-11-29T14:42:03.212+01:00 DEBUG 23172 --- [    Test worker] o.s.jdbc.datasource.init.ScriptUtils     : Executed SQL script from file [C:\Users\mljso\Documents\Univ\Efrei\S9\Cloud Integration\server\build\resources\main\data.sql] in 17 ms.
2023-11-29T14:42:03.212+01:00 DEBUG 23172 --- [    Test worker] o.s.jdbc.datasource.init.ScriptUtils     : Executing SQL script from file [C:\Users\mljso\Documents\Univ\Efrei\S9\Cloud Integration\server\build\resources\test\data.sql]
2023-11-29T14:42:03.215+01:00 DEBUG 23172 --- [    Test worker] o.s.jdbc.datasource.init.ScriptUtils     : 5 returned as update count for SQL: delete from item
2023-11-29T14:42:03.215+01:00 DEBUG 23172 --- [    Test worker] o.s.jdbc.datasource.init.ScriptUtils     : Executed SQL script from file [C:\Users\mljso\Documents\Univ\Efrei\S9\Cloud Integration\server\build\resources\test\data.sql] in 3 ms.
2023-11-29T14:42:03.308+01:00  INFO 23172 --- [    Test worker] f.efrei.server.web.rest.ItemResourceIT   : Started ItemResourceIT in 11.794 seconds (process running for 16.657)
]]></system-out>
  <system-err><![CDATA[]]></system-err>
</testsuite>
